f:\sourcetree\bitbucket\searchforastar\star\x64\debug\vc143.pdb
f:\sourcetree\bitbucket\searchforastar\star\x64\debug\vc143.idb
f:\sourcetree\bitbucket\searchforastar\star\x64\debug\spritecomponent.obj
f:\sourcetree\bitbucket\searchforastar\star\x64\debug\game.obj
f:\sourcetree\bitbucket\searchforastar\star\x64\debug\windowsmain.obj
f:\sourcetree\bitbucket\searchforastar\star\x64\debug\itexture.obj
f:\sourcetree\bitbucket\searchforastar\star\x64\debug\ishader.obj
f:\sourcetree\bitbucket\searchforastar\star\x64\debug\irenderable.obj
f:\sourcetree\bitbucket\searchforastar\star\x64\debug\directxinput.obj
f:\sourcetree\bitbucket\searchforastar\star\x64\debug\directx11texture.obj
f:\sourcetree\bitbucket\searchforastar\star\x64\debug\directx11shader.obj
f:\sourcetree\bitbucket\searchforastar\star\x64\debug\directx11graphics.obj
f:\sourcetree\bitbucket\searchforastar\star\x64\debug\directx11billboard.obj
f:\sourcetree\bitbucket\searchforastar\star\x64\debug\iinput.obj
f:\sourcetree\bitbucket\searchforastar\star\x64\debug\igraphics.obj
f:\sourcetree\bitbucket\searchforastar\star\x64\debug\iapplication.obj
f:\sourcetree\bitbucket\searchforastar\star\x64\debug\iservicelocator.obj
f:\sourcetree\bitbucket\searchforastar\star\x64\debug\iservice.obj
f:\sourcetree\bitbucket\searchforastar\star\x64\debug\gameobject.obj
f:\sourcetree\bitbucket\searchforastar\star\x64\debug\componentbase.obj
f:\sourcetree\bitbucket\searchforastar\star\x64\debug\xapobaseredist.pdb
f:\sourcetree\bitbucket\searchforastar\star\x64\debug\xaudio2_9redist.pdb
f:\sourcetree\bitbucket\searchforastar\star\x64\debug\xaudio2_9redist.dll
f:\sourcetree\bitbucket\searchforastar\star\x64\debug\star.exe
f:\sourcetree\bitbucket\searchforastar\star\x64\debug\star.ilk
f:\sourcetree\bitbucket\searchforastar\star\x64\debug\star.pdb
f:\sourcetree\bitbucket\searchforastar\star\x64\debug\star.tlog\cl.command.1.tlog
f:\sourcetree\bitbucket\searchforastar\star\x64\debug\star.tlog\cl.read.1.tlog
f:\sourcetree\bitbucket\searchforastar\star\x64\debug\star.tlog\cl.write.1.tlog
f:\sourcetree\bitbucket\searchforastar\star\x64\debug\star.tlog\copylocal.read.1u.tlog
f:\sourcetree\bitbucket\searchforastar\star\x64\debug\star.tlog\copylocal.write.1u.tlog
f:\sourcetree\bitbucket\searchforastar\star\x64\debug\star.tlog\link.command.1.tlog
f:\sourcetree\bitbucket\searchforastar\star\x64\debug\star.tlog\link.read.1.tlog
f:\sourcetree\bitbucket\searchforastar\star\x64\debug\star.tlog\link.write.1.tlog
