  ComponentBase.cpp
  GameObject.cpp
  IService.cpp
  ServiceLocator.cpp
  IApplication.cpp
  IGraphics.cpp
  IInput.cpp
  DirectX11Billboard.cpp
  DirectX11Graphics.cpp
  DirectX11Shader.cpp
  DirectX11Texture.cpp
  DirectXInput.cpp
  IRenderable.cpp
  IShader.cpp
  ITexture.cpp
  WindowsMain.cpp
F:\Star\search-for-a-star-noba\Source\EntryPoints\WindowsMain.cpp(94,8): warning C4244: 'argument': conversion from 'double' to 'DWORD', possible loss of data
  Game.cpp
  SpriteComponent.cpp
  Vector2f.cpp
  TestObject.cpp
  Generating Code...
  Star.vcxproj -> F:\Star\search-for-a-star-noba\x64\Debug\Star.exe
